{"total": {"lines":{"total":310,"covered":240,"skipped":0,"pct":77.41},"statements":{"total":310,"covered":240,"skipped":0,"pct":77.41},"functions":{"total":10,"covered":6,"skipped":0,"pct":60},"branches":{"total":29,"covered":22,"skipped":0,"pct":75.86},"branchesTrue":{"total":0,"covered":0,"skipped":0,"pct":"Unknown"}}
,"/home/mrrobin/dbwebb-kurser/ssr-editor/backend/src/database.mjs": {"lines":{"total":96,"covered":46,"skipped":0,"pct":47.91},"functions":{"total":3,"covered":0,"skipped":0,"pct":0},"statements":{"total":96,"covered":46,"skipped":0,"pct":47.91},"branches":{"total":1,"covered":1,"skipped":0,"pct":100}}
,"/home/mrrobin/dbwebb-kurser/ssr-editor/backend/src/documents.js": {"lines":{"total":214,"covered":194,"skipped":0,"pct":90.65},"functions":{"total":7,"covered":6,"skipped":0,"pct":85.71},"statements":{"total":214,"covered":194,"skipped":0,"pct":90.65},"branches":{"total":28,"covered":21,"skipped":0,"pct":75}}
}
