{"total": {"lines":{"total":227,"covered":214,"skipped":0,"pct":94.27},"statements":{"total":227,"covered":214,"skipped":0,"pct":94.27},"functions":{"total":7,"covered":7,"skipped":0,"pct":100},"branches":{"total":43,"covered":30,"skipped":0,"pct":69.76},"branchesTrue":{"total":0,"covered":0,"skipped":0,"pct":"Unknown"}}
,"/home/mrrobin/dbwebb-kurser/ssr-editor/backend/src/documents.js": {"lines":{"total":227,"covered":214,"skipped":0,"pct":94.27},"functions":{"total":7,"covered":7,"skipped":0,"pct":100},"statements":{"total":227,"covered":214,"skipped":0,"pct":94.27},"branches":{"total":43,"covered":30,"skipped":0,"pct":69.76}}
}
